<?xml version="1.0" encoding="UTF-8"?>
<testsuite xmlns:xsi="http://www.w3.org/2001/XMLSchema-instance" xsi:noNamespaceSchemaLocation="https://maven.apache.org/surefire/maven-surefire-plugin/xsd/surefire-test-report.xsd" name="com.zf.bk2.service.IBookServiceTest" time="0.908" tests="1" errors="1" skipped="0" failures="0">
  <properties>
[...]
</properties>
  <testcase name="insert" classname="com.zf.bk2.service.IBookServiceTest" time="0.006">
    <error type="java.lang.NullPointerException">java.lang.NullPointerException
	at com.zf.bk2.service.IBookServiceTest.insert(IBookServiceTest.java:40)
</error>
  </testcase>
</testsuite>